<?xml version="1.0" encoding="UTF-8"?>
<testng-results skipped="0" failed="0" ignored="0" total="1" passed="1">
  <reporter-output>
  </reporter-output>
  <suite name="Suite" duration-ms="31577" started-at="2021-06-28T05:15:26 IST" finished-at="2021-06-28T05:15:58 IST">
    <groups>
      <group name="cucumber">
        <method signature="AbstractTestNGCucumberTests.runScenario(io.cucumber.testng.PickleWrapper, io.cucumber.testng.FeatureWrapper)[pri:0, instance:testRunners.TestRunner@704a52ec]" name="runScenario" class="io.cucumber.testng.AbstractTestNGCucumberTests"/>
      </group> <!-- cucumber -->
    </groups>
    <test name="Test" duration-ms="31577" started-at="2021-06-28T05:15:26 IST" finished-at="2021-06-28T05:15:58 IST">
      <class name="testRunners.TestRunner">
        <test-method status="PASS" signature="initialization()[pri:0, instance:testRunners.TestRunner@704a52ec]" name="initialization" is-config="true" duration-ms="23517" started-at="2021-06-28T05:15:03 IST" finished-at="2021-06-28T05:15:26 IST">
          <reporter-output>
          </reporter-output>
        </test-method> <!-- initialization -->
        <test-method status="PASS" signature="setUpClass()[pri:0, instance:testRunners.TestRunner@704a52ec]" name="setUpClass" is-config="true" duration-ms="3476" started-at="2021-06-28T05:15:26 IST" finished-at="2021-06-28T05:15:30 IST">
          <reporter-output>
          </reporter-output>
        </test-method> <!-- setUpClass -->
        <test-method status="PASS" signature="runScenario(io.cucumber.testng.PickleWrapper, io.cucumber.testng.FeatureWrapper)[pri:0, instance:testRunners.TestRunner@704a52ec]" name="runScenario" duration-ms="15351" started-at="2021-06-28T05:15:30 IST" description="Runs Cucumber Scenarios" data-provider="scenarios" finished-at="2021-06-28T05:15:45 IST">
          <params>
            <param index="0">
              <value>
                <![CDATA["Login to ReKonnect application"]]>
              </value>
            </param>
            <param index="1">
              <value>
                <![CDATA["Optional[Timesheet Fill up flow in Rekonnect]"]]>
              </value>
            </param>
          </params>
          <reporter-output>
          </reporter-output>
        </test-method> <!-- runScenario -->
        <test-method status="PASS" signature="tearDownClass()[pri:0, instance:testRunners.TestRunner@704a52ec]" name="tearDownClass" is-config="true" duration-ms="12659" started-at="2021-06-28T05:15:45 IST" finished-at="2021-06-28T05:15:58 IST">
          <reporter-output>
          </reporter-output>
        </test-method> <!-- tearDownClass -->
        <test-method status="PASS" signature="tearDown()[pri:0, instance:testRunners.TestRunner@704a52ec]" name="tearDown" is-config="true" duration-ms="7484" started-at="2021-06-28T05:15:58 IST" finished-at="2021-06-28T05:16:05 IST">
          <reporter-output>
          </reporter-output>
        </test-method> <!-- tearDown -->
      </class> <!-- testRunners.TestRunner -->
    </test> <!-- Test -->
  </suite> <!-- Suite -->
</testng-results>
